\BOOKMARK [1][-]{section.1}{Introduction}{}% 1
\BOOKMARK [2][-]{subsection.1.1}{Behaviour Overview}{section.1}% 2
\BOOKMARK [2][-]{subsection.1.2}{Scope}{section.1}% 3
\BOOKMARK [3][-]{subsubsection.1.2.1}{Stakeholders}{subsection.1.2}% 4
\BOOKMARK [1][-]{section.2}{Constants}{}% 5
\BOOKMARK [1][-]{section.3}{Context Diagrams}{}% 6
\BOOKMARK [1][-]{section.4}{Monitored and Controlled Variables}{}% 7
\BOOKMARK [2][-]{subsection.4.1}{Monitored Variables}{section.4}% 8
\BOOKMARK [2][-]{subsection.4.2}{Controlled Variables}{section.4}% 9
\BOOKMARK [1][-]{section.5}{Functional Decomposition Diagram}{}% 10
\BOOKMARK [1][-]{section.6}{Use Case Diagrams}{}% 11
\BOOKMARK [1][-]{section.7}{Requirements}{}% 12
\BOOKMARK [2][-]{subsection.7.1}{Functional Requirements}{section.7}% 13
\BOOKMARK [3][-]{subsubsection.7.1.1}{Parking Detection Requirements}{subsection.7.1}% 14
\BOOKMARK [3][-]{subsubsection.7.1.2}{Application Requirements}{subsection.7.1}% 15
\BOOKMARK [3][-]{subsubsection.7.1.3}{Analytics Requirements}{subsection.7.1}% 16
\BOOKMARK [2][-]{subsection.7.2}{Nonfunctional Requirements}{section.7}% 17
\BOOKMARK [3][-]{subsubsection.7.2.1}{Look and Feel Requirements}{subsection.7.2}% 18
\BOOKMARK [3][-]{subsubsection.7.2.2}{Usability Requirements}{subsection.7.2}% 19
\BOOKMARK [3][-]{subsubsection.7.2.3}{Performance Requirements}{subsection.7.2}% 20
\BOOKMARK [3][-]{subsubsection.7.2.4}{Security Requirements}{subsection.7.2}% 21
\BOOKMARK [3][-]{subsubsection.7.2.5}{Operational Requirements}{subsection.7.2}% 22
\BOOKMARK [3][-]{subsubsection.7.2.6}{Scalability Requirements}{subsection.7.2}% 23
\BOOKMARK [3][-]{subsubsection.7.2.7}{Maintainability and Portability Requirements}{subsection.7.2}% 24
\BOOKMARK [3][-]{subsubsection.7.2.8}{Cultural and Political Requirements}{subsection.7.2}% 25
\BOOKMARK [3][-]{subsubsection.7.2.9}{Legal Requirements}{subsection.7.2}% 26
\BOOKMARK [3][-]{subsubsection.7.2.10}{Health and Safety Requirements}{subsection.7.2}% 27
\BOOKMARK [2][-]{subsection.7.3}{Undesired Event Handling}{section.7}% 28
\BOOKMARK [1][-]{section.8}{Requirements Likely to Change}{}% 29
\BOOKMARK [1][-]{section.9}{Requirements Unlikely to Change}{}% 30
\BOOKMARK [1][-]{section.10}{References}{}% 31
