\BOOKMARK [1][-]{section.1}{Introduction}{}% 1
\BOOKMARK [1][-]{section.2}{Scope}{}% 2
\BOOKMARK [1][-]{section.3}{Context Diagram}{}% 3
\BOOKMARK [1][-]{section.4}{Component Diagram}{}% 4
\BOOKMARK [1][-]{section.5}{Database Design}{}% 5
\BOOKMARK [1][-]{section.6}{Monitored and Controlled Variables}{}% 6
\BOOKMARK [2][-]{subsection.6.1}{Monitored Variables}{section.6}% 7
\BOOKMARK [2][-]{subsection.6.2}{Controlled Variables}{section.6}% 8
\BOOKMARK [1][-]{section.7}{Constants}{}% 9
\BOOKMARK [1][-]{section.8}{Behaviour Overview}{}% 10
\BOOKMARK [1][-]{section.9}{Component Breakdown}{}% 11
\BOOKMARK [2][-]{subsection.9.1}{Sensor Component \(Module-HW-S\)}{section.9}% 12
\BOOKMARK [2][-]{subsection.9.2}{Sensor Hub Component \(Module-HW-A\)}{section.9}% 13
\BOOKMARK [2][-]{subsection.9.3}{Sensor Server Component \(Module-HW-P\)}{section.9}% 14
\BOOKMARK [2][-]{subsection.9.4}{Database Component \(Module-DB\)}{section.9}% 15
\BOOKMARK [2][-]{subsection.9.5}{Web Server}{section.9}% 16
\BOOKMARK [3][-]{subsubsection.9.5.1}{Main \(Module-SW-M\)}{subsection.9.5}% 17
\BOOKMARK [3][-]{subsubsection.9.5.2}{Poller \(Module-SW-P\)}{subsection.9.5}% 18
\BOOKMARK [3][-]{subsubsection.9.5.3}{DBRequestor \(Module-SW-DB\)}{subsection.9.5}% 19
\BOOKMARK [3][-]{subsubsection.9.5.4}{AnalyticsController \(Module-SW-AC\)}{subsection.9.5}% 20
\BOOKMARK [3][-]{subsubsection.9.5.5}{ParkingLotsHandler \(Module-SW-PLSH\)}{subsection.9.5}% 21
\BOOKMARK [3][-]{subsubsection.9.5.6}{ParkingLotHandler \(Module-SW-PLH\)}{subsection.9.5}% 22
\BOOKMARK [3][-]{subsubsection.9.5.7}{AnalyticsHandler\(Module-SW-AH\)}{subsection.9.5}% 23
\BOOKMARK [3][-]{subsubsection.9.5.8}{ParkingLotsData \(Module-SW-PLD\)}{subsection.9.5}% 24
\BOOKMARK [2][-]{subsection.9.6}{App}{section.9}% 25
\BOOKMARK [3][-]{subsubsection.9.6.1}{Base \(Module-SW-S-BV\)}{subsection.9.6}% 26
\BOOKMARK [3][-]{subsubsection.9.6.2}{UserMain \(Module-SW-S-UMV\)}{subsection.9.6}% 27
\BOOKMARK [3][-]{subsubsection.9.6.3}{Settings \(Module-SW-S-SV\)}{subsection.9.6}% 28
\BOOKMARK [3][-]{subsubsection.9.6.4}{SessionController \(Module-SW-S-SSC\)}{subsection.9.6}% 29
\BOOKMARK [3][-]{subsubsection.9.6.5}{SettingsController \(Module-SW-S-SEC\)}{subsection.9.6}% 30
\BOOKMARK [3][-]{subsubsection.9.6.6}{NavigationView \(Module-SW-S-NV\)}{subsection.9.6}% 31
\BOOKMARK [3][-]{subsubsection.9.6.7}{ParkingLotView \(Module-SW-S-PLV\)}{subsection.9.6}% 32
\BOOKMARK [3][-]{subsubsection.9.6.8}{AnalyticsView \(Module-SW-S-AV\)}{subsection.9.6}% 33
\BOOKMARK [1][-]{section.10}{Normal Operation}{}% 34
\BOOKMARK [1][-]{section.11}{Undesired Event Handling}{}% 35
